Grammar

    0 $accept: E $end

    1 E: INT
    2  | E '^' E
    3  | E '+' E
    4  | E '-' E
    5  | E '*' E
    6  | E '/' E
    7  | error


Terminals, with rules where they appear

$end (0) 0
'*' (42) 5
'+' (43) 3
'-' (45) 4
'/' (47) 6
'^' (94) 2
error (256) 7
INT (258) 1


Nonterminals, with rules where they appear

$accept (9)
    on left: 0
E (10)
    on left: 1 2 3 4 5 6 7, on right: 0 2 3 4 5 6


state 0

    0 $accept: . E $end

    error  shift, and go to state 1
    INT    shift, and go to state 2

    E  go to state 3


state 1

    7 E: error .

    $default  reduce using rule 7 (E)


state 2

    1 E: INT .

    $default  reduce using rule 1 (E)


state 3

    0 $accept: E . $end
    2 E: E . '^' E
    3  | E . '+' E
    4  | E . '-' E
    5  | E . '*' E
    6  | E . '/' E

    $end  shift, and go to state 4
    '^'   shift, and go to state 5
    '+'   shift, and go to state 6
    '-'   shift, and go to state 7
    '*'   shift, and go to state 8
    '/'   shift, and go to state 9


state 4

    0 $accept: E $end .

    $default  accept


state 5

    2 E: E '^' . E

    error  shift, and go to state 1
    INT    shift, and go to state 2

    E  go to state 10


state 6

    3 E: E '+' . E

    error  shift, and go to state 1
    INT    shift, and go to state 2

    E  go to state 11


state 7

    4 E: E '-' . E

    error  shift, and go to state 1
    INT    shift, and go to state 2

    E  go to state 12


state 8

    5 E: E '*' . E

    error  shift, and go to state 1
    INT    shift, and go to state 2

    E  go to state 13


state 9

    6 E: E '/' . E

    error  shift, and go to state 1
    INT    shift, and go to state 2

    E  go to state 14


state 10

    2 E: E . '^' E
    2  | E '^' E .
    3  | E . '+' E
    4  | E . '-' E
    5  | E . '*' E
    6  | E . '/' E

    '+'  shift, and go to state 6
    '-'  shift, and go to state 7
    '*'  shift, and go to state 8
    '/'  shift, and go to state 9

    $default  reduce using rule 2 (E)


state 11

    2 E: E . '^' E
    3  | E . '+' E
    3  | E '+' E .
    4  | E . '-' E
    5  | E . '*' E
    6  | E . '/' E

    '*'  shift, and go to state 8
    '/'  shift, and go to state 9

    '+'  error (nonassociative)
    '-'  error (nonassociative)

    $default  reduce using rule 3 (E)


state 12

    2 E: E . '^' E
    3  | E . '+' E
    4  | E . '-' E
    4  | E '-' E .
    5  | E . '*' E
    6  | E . '/' E

    '*'  shift, and go to state 8
    '/'  shift, and go to state 9

    '+'  error (nonassociative)
    '-'  error (nonassociative)

    $default  reduce using rule 4 (E)


state 13

    2 E: E . '^' E
    3  | E . '+' E
    4  | E . '-' E
    5  | E . '*' E
    5  | E '*' E .
    6  | E . '/' E

    $default  reduce using rule 5 (E)


state 14

    2 E: E . '^' E
    3  | E . '+' E
    4  | E . '-' E
    5  | E . '*' E
    6  | E . '/' E
    6  | E '/' E .

    $default  reduce using rule 6 (E)
