Grammar

    0 $accept: nums $end

    1 nums: nums num
    2     | error

    3 num: ONE
    4    | FIVE
    5    | TEN
    6    | error


Terminals, with rules where they appear

$end (0) 0
error (256) 2 6
ONE (258) 3
FIVE (259) 4
TEN (260) 5


Nonterminals, with rules where they appear

$accept (6)
    on left: 0
nums (7)
    on left: 1 2, on right: 0 1
num (8)
    on left: 3 4 5 6, on right: 1


state 0

    0 $accept: . nums $end

    error  shift, and go to state 1

    nums  go to state 2


state 1

    2 nums: error .

    $default  reduce using rule 2 (nums)


state 2

    0 $accept: nums . $end
    1 nums: nums . num

    $end   shift, and go to state 3
    error  shift, and go to state 4
    ONE    shift, and go to state 5
    FIVE   shift, and go to state 6
    TEN    shift, and go to state 7

    num  go to state 8


state 3

    0 $accept: nums $end .

    $default  accept


state 4

    6 num: error .

    $default  reduce using rule 6 (num)


state 5

    3 num: ONE .

    $default  reduce using rule 3 (num)


state 6

    4 num: FIVE .

    $default  reduce using rule 4 (num)


state 7

    5 num: TEN .

    $default  reduce using rule 5 (num)


state 8

    1 nums: nums num .

    $default  reduce using rule 1 (nums)
